#
# There is insufficient memory for the Java Runtime Environment to continue.
# Native memory allocation (mmap) failed to map 59768832 bytes. Error detail: G1 virtual space
# Possible reasons:
#   The system is out of physical RAM or swap space
#   This process is running with CompressedOops enabled, and the Java Heap may be blocking the growth of the native heap
# Possible solutions:
#   Reduce memory load on the system
#   Increase physical memory or swap space
#   Check if swap backing store is full
#   Decrease Java heap size (-Xmx/-Xms)
#   Decrease number of Java threads
#   Decrease Java thread stack sizes (-Xss)
#   Set larger code cache with -XX:ReservedCodeCacheSize=
#   JVM is running with Unscaled Compressed Oops mode in which the Java heap is
#     placed in the first 4GB address space. The Java Heap base address is the
#     maximum limit for the native heap growth. Please use -XX:HeapBaseMinAddress
#     to set the Java Heap base and to place the Java Heap above 4GB virtual address.
# This output file may be truncated or incomplete.
#
#  Out of Memory Error (os_windows.cpp:3618), pid=6384, tid=15444
#
# JRE version: OpenJDK Runtime Environment Temurin-17.0.14+7 (17.0.14+7) (build 17.0.14+7)
# Java VM: OpenJDK 64-Bit Server VM Temurin-17.0.14+7 (17.0.14+7, mixed mode, emulated-client, sharing, tiered, compressed oops, compressed class ptrs, g1 gc, windows-amd64)
# No core dump will be written. Minidumps are not enabled by default on client versions of Windows
#

---------------  S U M M A R Y ------------

Command Line: -XX:TieredStopAtLevel=1 -Dspring.output.ansi.enabled=always -Dcom.sun.management.jmxremote -Dspring.jmx.enabled=true -Dspring.liveBeansView.mbeanDomain -Dspring.application.admin.enabled=true -Dmanagement.endpoints.jmx.exposure.include=* -javaagent:C:\Program Files\JetBrains\IntelliJ IDEA 2024.3.5\lib\idea_rt.jar=65499 -Dfile.encoding=UTF-8 Grupo7.Autitos.AutitosApplication

Host: Intel(R) Core(TM) i3-1005G1 CPU @ 1.20GHz, 4 cores, 3G,  Windows 11 , 64 bit Build 26100 (10.0.26100.3775)
Time: Mon Apr 28 14:14:27 2025 Romance Daylight Time elapsed time: 20.477534 seconds (0d 0h 0m 20s)

---------------  T H R E A D  ---------------

Current thread (0x0000022aff7b5a90):  VMThread "VM Thread" [stack: 0x000000ac91e00000,0x000000ac91f00000] [id=15444]

Stack: [0x000000ac91e00000,0x000000ac91f00000]
Native frames: (J=compiled Java code, j=interpreted, Vv=VM code, C=native code)
V  [jvm.dll+0x682eb9]
V  [jvm.dll+0x8399c8]
V  [jvm.dll+0x83b473]
V  [jvm.dll+0x83bae3]
V  [jvm.dll+0x24715f]
V  [jvm.dll+0x67fc99]
V  [jvm.dll+0x674b8a]
V  [jvm.dll+0x304c06]
V  [jvm.dll+0x30c0c6]
V  [jvm.dll+0x35dc3e]
V  [jvm.dll+0x35de7d]
V  [jvm.dll+0x2dbfcc]
V  [jvm.dll+0x2da36f]
V  [jvm.dll+0x2d9adc]
V  [jvm.dll+0x31d2bb]
V  [jvm.dll+0x84031d]
V  [jvm.dll+0x841053]
V  [jvm.dll+0x84157f]
V  [jvm.dll+0x841964]
V  [jvm.dll+0x841a2e]
V  [jvm.dll+0x7e948c]
V  [jvm.dll+0x681d97]
C  [ucrtbase.dll+0x37b0]
C  [KERNEL32.DLL+0x2e8d7]
C  [ntdll.dll+0xb14fc]

VM_Operation (0x000000ac940fd8b0): G1CollectForAllocation, mode: safepoint, requested by thread 0x0000022ac7f64da0


---------------  P R O C E S S  ---------------

Threads class SMR info:
_java_thread_list=0x0000022ac970cd80, length=31, elements={
0x0000022af1ed54c0, 0x0000022aff7bb830, 0x0000022aff7bcd60, 0x0000022aff7d1210,
0x0000022aff7d1ae0, 0x0000022aff7d23b0, 0x0000022aff7d37f0, 0x0000022aff7d40c0,
0x0000022aff7d7790, 0x0000022aff7ad160, 0x0000022affd95bb0, 0x0000022affd96090,
0x0000022ac7220300, 0x0000022ac72c7e70, 0x0000022ac730b740, 0x0000022ac730c020,
0x0000022ac76ddc70, 0x0000022ac76dae50, 0x0000022ac7f61b00, 0x0000022ac7f62010,
0x0000022ac7f63e70, 0x0000022ac7f610e0, 0x0000022ac7f63450, 0x0000022ac7f657c0,
0x0000022ac7f65cd0, 0x0000022ac7f62520, 0x0000022ac7f64380, 0x0000022ac7f64890,
0x0000022ac7f64da0, 0x0000022ac7f661e0, 0x0000022ac7f62a30
}

Java Threads: ( => current thread )
  0x0000022af1ed54c0 JavaThread "main" [_thread_blocked, id=15812, stack(0x000000ac91800000,0x000000ac91900000)]
  0x0000022aff7bb830 JavaThread "Reference Handler" daemon [_thread_blocked, id=10932, stack(0x000000ac91f00000,0x000000ac92000000)]
  0x0000022aff7bcd60 JavaThread "Finalizer" daemon [_thread_blocked, id=12992, stack(0x000000ac92000000,0x000000ac92100000)]
  0x0000022aff7d1210 JavaThread "Signal Dispatcher" daemon [_thread_blocked, id=17200, stack(0x000000ac92100000,0x000000ac92200000)]
  0x0000022aff7d1ae0 JavaThread "Attach Listener" daemon [_thread_blocked, id=13344, stack(0x000000ac92200000,0x000000ac92300000)]
  0x0000022aff7d23b0 JavaThread "Service Thread" daemon [_thread_blocked, id=2408, stack(0x000000ac92300000,0x000000ac92400000)]
  0x0000022aff7d37f0 JavaThread "Monitor Deflation Thread" daemon [_thread_blocked, id=14244, stack(0x000000ac92400000,0x000000ac92500000)]
  0x0000022aff7d40c0 JavaThread "C1 CompilerThread0" daemon [_thread_blocked, id=14436, stack(0x000000ac92500000,0x000000ac92600000)]
  0x0000022aff7d7790 JavaThread "Sweeper thread" daemon [_thread_blocked, id=12504, stack(0x000000ac92600000,0x000000ac92700000)]
  0x0000022aff7ad160 JavaThread "Common-Cleaner" daemon [_thread_blocked, id=7212, stack(0x000000ac92700000,0x000000ac92800000)]
  0x0000022affd95bb0 JavaThread "Monitor Ctrl-Break" daemon [_thread_in_native, id=15784, stack(0x000000ac92900000,0x000000ac92a00000)]
  0x0000022affd96090 JavaThread "Notification Thread" daemon [_thread_blocked, id=2112, stack(0x000000ac92a00000,0x000000ac92b00000)]
  0x0000022ac7220300 JavaThread "RMI TCP Accept-0" daemon [_thread_in_native, id=6388, stack(0x000000ac92800000,0x000000ac92900000)]
  0x0000022ac72c7e70 JavaThread "RMI TCP Connection(1)-10.123.2.18" daemon [_thread_in_native, id=3716, stack(0x000000ac93000000,0x000000ac93100000)]
  0x0000022ac730b740 JavaThread "RMI Scheduler(0)" daemon [_thread_blocked, id=5268, stack(0x000000ac93100000,0x000000ac93200000)]
  0x0000022ac730c020 JavaThread "JMX server connection timeout 19" daemon [_thread_blocked, id=3872, stack(0x000000ac93200000,0x000000ac93300000)]
  0x0000022ac76ddc70 JavaThread "C1 CompilerThread1" daemon [_thread_blocked, id=8156, stack(0x000000ac93400000,0x000000ac93500000)]
  0x0000022ac76dae50 JavaThread "RMI TCP Connection(2)-10.123.2.18" daemon [_thread_blocked, id=8364, stack(0x000000ac93500000,0x000000ac93600000)]
  0x0000022ac7f61b00 JavaThread "mysql-cj-abandoned-connection-cleanup" daemon [_thread_blocked, id=4192, stack(0x000000ac93300000,0x000000ac93400000)]
  0x0000022ac7f62010 JavaThread "HikariPool-1 housekeeper" daemon [_thread_blocked, id=12604, stack(0x000000ac93700000,0x000000ac93800000)]
  0x0000022ac7f63e70 JavaThread "Catalina-utility-1" [_thread_blocked, id=17600, stack(0x000000ac93900000,0x000000ac93a00000)]
  0x0000022ac7f610e0 JavaThread "Catalina-utility-2" [_thread_blocked, id=3948, stack(0x000000ac93a00000,0x000000ac93b00000)]
  0x0000022ac7f63450 JavaThread "container-0" [_thread_blocked, id=18864, stack(0x000000ac93b00000,0x000000ac93c00000)]
  0x0000022ac7f657c0 JavaThread "ClassGraph-worker-16" daemon [_thread_blocked, id=4852, stack(0x000000ac93800000,0x000000ac93900000)]
  0x0000022ac7f65cd0 JavaThread "ClassGraph-worker-17" daemon [_thread_blocked, id=9620, stack(0x000000ac93c00000,0x000000ac93d00000)]
  0x0000022ac7f62520 JavaThread "ClassGraph-worker-18" daemon [_thread_blocked, id=3380, stack(0x000000ac93d00000,0x000000ac93e00000)]
  0x0000022ac7f64380 JavaThread "ClassGraph-worker-19" daemon [_thread_blocked, id=12680, stack(0x000000ac93e00000,0x000000ac93f00000)]
  0x0000022ac7f64890 JavaThread "ClassGraph-worker-20" daemon [_thread_blocked, id=7604, stack(0x000000ac93f00000,0x000000ac94000000)]
  0x0000022ac7f64da0 JavaThread "ClassGraph-worker-21" daemon [_thread_blocked, id=18032, stack(0x000000ac94000000,0x000000ac94100000)]
  0x0000022ac7f661e0 JavaThread "ClassGraph-worker-22" daemon [_thread_blocked, id=18728, stack(0x000000ac94100000,0x000000ac94200000)]
  0x0000022ac7f62a30 JavaThread "ClassGraph-worker-23" daemon [_thread_blocked, id=9008, stack(0x000000ac94200000,0x000000ac94300000)]

Other Threads:
=>0x0000022aff7b5a90 VMThread "VM Thread" [stack: 0x000000ac91e00000,0x000000ac91f00000] [id=15444]
  0x0000022ac720a9e0 WatcherThread [stack: 0x000000ac92c00000,0x000000ac92d00000] [id=17948]
  0x0000022af1f128d0 GCTaskThread "GC Thread#0" [stack: 0x000000ac91900000,0x000000ac91a00000] [id=7248]
  0x0000022ac72ab8c0 GCTaskThread "GC Thread#1" [stack: 0x000000ac92b00000,0x000000ac92c00000] [id=1536]
  0x0000022ac730e320 GCTaskThread "GC Thread#2" [stack: 0x000000ac92d00000,0x000000ac92e00000] [id=4836]
  0x0000022ac730e5e0 GCTaskThread "GC Thread#3" [stack: 0x000000ac92e00000,0x000000ac92f00000] [id=16480]
  0x0000022af1f1ada0 ConcurrentGCThread "G1 Main Marker" [stack: 0x000000ac91a00000,0x000000ac91b00000] [id=6968]
  0x0000022af1f1b6c0 ConcurrentGCThread "G1 Conc#0" [stack: 0x000000ac91b00000,0x000000ac91c00000] [id=14480]
  0x0000022af1f59710 ConcurrentGCThread "G1 Refine#0" [stack: 0x000000ac91c00000,0x000000ac91d00000] [id=19808]
  0x0000022ac729b690 ConcurrentGCThread "G1 Refine#1" [stack: 0x000000ac92f00000,0x000000ac93000000] [id=18288]
  0x0000022af1f5d4c0 ConcurrentGCThread "G1 Service" [stack: 0x000000ac91d00000,0x000000ac91e00000] [id=20208]

Threads with active compile tasks:

VM state: at safepoint (normal execution)

VM Mutex/Monitor currently owned by a thread:  ([mutex/lock_event])
[0x0000022af1ed1110] Threads_lock - owner thread: 0x0000022aff7b5a90
[0x0000022af1ed08a0] Heap_lock - owner thread: 0x0000022ac7f64da0

Heap address: 0x00000000c4c00000, size: 948 MB, Compressed Oops mode: 32-bit

CDS archive(s) mapped at: [0x0000022a82000000-0x0000022a82bb0000-0x0000022a82bb0000), size 12255232, SharedBaseAddress: 0x0000022a82000000, ArchiveRelocationMode: 1.
Compressed class space mapped at: 0x0000022a83000000-0x0000022ac3000000, reserved size: 1073741824
Narrow klass base: 0x0000022a82000000, Narrow klass shift: 0, Narrow klass range: 0x100000000

GC Precious Log:
 CPUs: 4 total, 4 available
 Memory: 3784M
 Large Page Support: Disabled
 NUMA Support: Disabled
 Compressed Oops: Enabled (32-bit)
 Heap Region Size: 1M
 Heap Min Capacity: 8M
 Heap Initial Capacity: 60M
 Heap Max Capacity: 948M
 Pre-touch: Disabled
 Parallel Workers: 4
 Concurrent Workers: 1
 Concurrent Refinement Workers: 4
 Periodic GC: Disabled

Heap:
 garbage-first heap   total 75776K, used 48560K [0x00000000c4c00000, 0x0000000100000000)
  region size 1024K, 2 young (2048K), 2 survivors (2048K)
 Metaspace       used 64723K, committed 65280K, reserved 1114112K
  class space    used 9299K, committed 9536K, reserved 1048576K

Heap Regions: E=young(eden), S=young(survivor), O=old, HS=humongous(starts), HC=humongous(continues), CS=collection set, F=free, OA=open archive, CA=closed archive, TAMS=top-at-mark-start (previous, next)
|   0|0x00000000c4c00000, 0x00000000c4d00000, 0x00000000c4d00000|100%|HS|  |TAMS 0x00000000c4d00000, 0x00000000c4d00000| Complete 
|   1|0x00000000c4d00000, 0x00000000c4e00000, 0x00000000c4e00000|100%| O|  |TAMS 0x00000000c4e00000, 0x00000000c4e00000| Untracked 
|   2|0x00000000c4e00000, 0x00000000c4f00000, 0x00000000c4f00000|100%| O|  |TAMS 0x00000000c4f00000, 0x00000000c4f00000| Untracked 
|   3|0x00000000c4f00000, 0x00000000c5000000, 0x00000000c5000000|100%| O|  |TAMS 0x00000000c5000000, 0x00000000c5000000| Untracked 
|   4|0x00000000c5000000, 0x00000000c5100000, 0x00000000c5100000|100%| O|  |TAMS 0x00000000c5100000, 0x00000000c5100000| Untracked 
|   5|0x00000000c5100000, 0x00000000c5200000, 0x00000000c5200000|100%| O|  |TAMS 0x00000000c5200000, 0x00000000c5200000| Untracked 
|   6|0x00000000c5200000, 0x00000000c5300000, 0x00000000c5300000|100%| O|  |TAMS 0x00000000c5300000, 0x00000000c5300000| Untracked 
|   7|0x00000000c5300000, 0x00000000c5400000, 0x00000000c5400000|100%| O|  |TAMS 0x00000000c5400000, 0x00000000c5400000| Untracked 
|   8|0x00000000c5400000, 0x00000000c5500000, 0x00000000c5500000|100%| O|  |TAMS 0x00000000c5500000, 0x00000000c5500000| Untracked 
|   9|0x00000000c5500000, 0x00000000c5600000, 0x00000000c5600000|100%| O|  |TAMS 0x00000000c5600000, 0x00000000c5600000| Untracked 
|  10|0x00000000c5600000, 0x00000000c5700000, 0x00000000c5700000|100%| O|  |TAMS 0x00000000c5700000, 0x00000000c5700000| Untracked 
|  11|0x00000000c5700000, 0x00000000c5800000, 0x00000000c5800000|100%| O|  |TAMS 0x00000000c5800000, 0x00000000c5800000| Untracked 
|  12|0x00000000c5800000, 0x00000000c5900000, 0x00000000c5900000|100%| O|  |TAMS 0x00000000c5900000, 0x00000000c5900000| Untracked 
|  13|0x00000000c5900000, 0x00000000c5a00000, 0x00000000c5a00000|100%| O|  |TAMS 0x00000000c5a00000, 0x00000000c5a00000| Untracked 
|  14|0x00000000c5a00000, 0x00000000c5b00000, 0x00000000c5b00000|100%| O|  |TAMS 0x00000000c5b00000, 0x00000000c5b00000| Untracked 
|  15|0x00000000c5b00000, 0x00000000c5c00000, 0x00000000c5c00000|100%| O|  |TAMS 0x00000000c5c00000, 0x00000000c5c00000| Untracked 
|  16|0x00000000c5c00000, 0x00000000c5d00000, 0x00000000c5d00000|100%| O|  |TAMS 0x00000000c5d00000, 0x00000000c5d00000| Untracked 
|  17|0x00000000c5d00000, 0x00000000c5e00000, 0x00000000c5e00000|100%| O|  |TAMS 0x00000000c5e00000, 0x00000000c5e00000| Untracked 
|  18|0x00000000c5e00000, 0x00000000c5f00000, 0x00000000c5f00000|100%| O|  |TAMS 0x00000000c5f00000, 0x00000000c5f00000| Untracked 
|  19|0x00000000c5f00000, 0x00000000c6000000, 0x00000000c6000000|100%| O|  |TAMS 0x00000000c6000000, 0x00000000c6000000| Untracked 
|  20|0x00000000c6000000, 0x00000000c6100000, 0x00000000c6100000|100%| O|  |TAMS 0x00000000c6100000, 0x00000000c6100000| Untracked 
|  21|0x00000000c6100000, 0x00000000c6200000, 0x00000000c6200000|100%| O|  |TAMS 0x00000000c6200000, 0x00000000c6200000| Untracked 
|  22|0x00000000c6200000, 0x00000000c6300000, 0x00000000c6300000|100%| O|  |TAMS 0x00000000c6300000, 0x00000000c6300000| Untracked 
|  23|0x00000000c6300000, 0x00000000c6400000, 0x00000000c6400000|100%| O|  |TAMS 0x00000000c6400000, 0x00000000c6400000| Untracked 
|  24|0x00000000c6400000, 0x00000000c6500000, 0x00000000c6500000|100%| O|  |TAMS 0x00000000c6500000, 0x00000000c6500000| Untracked 
|  25|0x00000000c6500000, 0x00000000c6600000, 0x00000000c6600000|100%| O|  |TAMS 0x00000000c6561600, 0x00000000c6600000| Untracked 
|  26|0x00000000c6600000, 0x00000000c6700000, 0x00000000c6700000|100%| O|  |TAMS 0x00000000c6600000, 0x00000000c6700000| Untracked 
|  27|0x00000000c6700000, 0x00000000c6800000, 0x00000000c6800000|100%| O|  |TAMS 0x00000000c6700000, 0x00000000c6800000| Untracked 
|  28|0x00000000c6800000, 0x00000000c6900000, 0x00000000c6900000|100%| O|  |TAMS 0x00000000c6800000, 0x00000000c6900000| Untracked 
|  29|0x00000000c6900000, 0x00000000c6a00000, 0x00000000c6a00000|100%| O|  |TAMS 0x00000000c6900000, 0x00000000c6a00000| Untracked 
|  30|0x00000000c6a00000, 0x00000000c6b00000, 0x00000000c6b00000|100%| O|  |TAMS 0x00000000c6a00000, 0x00000000c6b00000| Untracked 
|  31|0x00000000c6b00000, 0x00000000c6c00000, 0x00000000c6c00000|100%| O|  |TAMS 0x00000000c6b00000, 0x00000000c6c00000| Untracked 
|  32|0x00000000c6c00000, 0x00000000c6d00000, 0x00000000c6d00000|100%| O|  |TAMS 0x00000000c6c00000, 0x00000000c6d00000| Untracked 
|  33|0x00000000c6d00000, 0x00000000c6e00000, 0x00000000c6e00000|100%| O|  |TAMS 0x00000000c6d00000, 0x00000000c6e00000| Untracked 
|  34|0x00000000c6e00000, 0x00000000c6f00000, 0x00000000c6f00000|100%| O|  |TAMS 0x00000000c6e00000, 0x00000000c6f00000| Untracked 
|  35|0x00000000c6f00000, 0x00000000c7000000, 0x00000000c7000000|100%| O|  |TAMS 0x00000000c6f00000, 0x00000000c7000000| Untracked 
|  36|0x00000000c7000000, 0x00000000c7100000, 0x00000000c7100000|100%| O|  |TAMS 0x00000000c7000000, 0x00000000c7100000| Untracked 
|  37|0x00000000c7100000, 0x00000000c7200000, 0x00000000c7200000|100%| O|  |TAMS 0x00000000c7100000, 0x00000000c7200000| Untracked 
|  38|0x00000000c7200000, 0x00000000c7300000, 0x00000000c7300000|100%| O|  |TAMS 0x00000000c7200000, 0x00000000c7200000| Untracked 
|  39|0x00000000c7300000, 0x00000000c7400000, 0x00000000c7400000|100%| O|  |TAMS 0x00000000c7300000, 0x00000000c7300000| Untracked 
|  40|0x00000000c7400000, 0x00000000c7500000, 0x00000000c7500000|100%| O|  |TAMS 0x00000000c7400000, 0x00000000c7400000| Untracked 
|  41|0x00000000c7500000, 0x00000000c7600000, 0x00000000c7600000|100%| O|  |TAMS 0x00000000c7500000, 0x00000000c7600000| Untracked 
|  42|0x00000000c7600000, 0x00000000c7700000, 0x00000000c7700000|100%| O|  |TAMS 0x00000000c7600000, 0x00000000c7649800| Untracked 
|  43|0x00000000c7700000, 0x00000000c7800000, 0x00000000c7800000|100%| O|  |TAMS 0x00000000c7700000, 0x00000000c7700000| Untracked 
|  44|0x00000000c7800000, 0x00000000c7800000, 0x00000000c7900000|  0%| F|  |TAMS 0x00000000c7800000, 0x00000000c7800000| Untracked 
|  45|0x00000000c7900000, 0x00000000c7a00000, 0x00000000c7a00000|100%| O|  |TAMS 0x00000000c7900000, 0x00000000c7900000| Untracked 
|  46|0x00000000c7a00000, 0x00000000c7a6c000, 0x00000000c7b00000| 42%| O|  |TAMS 0x00000000c7a00000, 0x00000000c7a00000| Untracked 
|  47|0x00000000c7b00000, 0x00000000c7b00000, 0x00000000c7c00000|  0%| F|  |TAMS 0x00000000c7b00000, 0x00000000c7b00000| Untracked 
|  48|0x00000000c7c00000, 0x00000000c7c00000, 0x00000000c7d00000|  0%| F|  |TAMS 0x00000000c7c00000, 0x00000000c7c00000| Untracked 
|  49|0x00000000c7d00000, 0x00000000c7d00000, 0x00000000c7e00000|  0%| F|  |TAMS 0x00000000c7d00000, 0x00000000c7d00000| Untracked 
|  50|0x00000000c7e00000, 0x00000000c7e00000, 0x00000000c7f00000|  0%| F|  |TAMS 0x00000000c7e00000, 0x00000000c7e00000| Untracked 
|  51|0x00000000c7f00000, 0x00000000c7f00000, 0x00000000c8000000|  0%| F|  |TAMS 0x00000000c7f00000, 0x00000000c7f00000| Untracked 
|  52|0x00000000c8000000, 0x00000000c8000000, 0x00000000c8100000|  0%| F|  |TAMS 0x00000000c8000000, 0x00000000c8000000| Untracked 
|  53|0x00000000c8100000, 0x00000000c8100000, 0x00000000c8200000|  0%| F|  |TAMS 0x00000000c8100000, 0x00000000c8100000| Untracked 
|  54|0x00000000c8200000, 0x00000000c8200000, 0x00000000c8300000|  0%| F|  |TAMS 0x00000000c8200000, 0x00000000c8200000| Untracked 
|  55|0x00000000c8300000, 0x00000000c8300000, 0x00000000c8400000|  0%| F|  |TAMS 0x00000000c8300000, 0x00000000c8300000| Untracked 
|  56|0x00000000c8400000, 0x00000000c8400000, 0x00000000c8500000|  0%| F|  |TAMS 0x00000000c8400000, 0x00000000c8400000| Untracked 
|  57|0x00000000c8500000, 0x00000000c8500000, 0x00000000c8600000|  0%| F|  |TAMS 0x00000000c8500000, 0x00000000c8500000| Untracked 
|  58|0x00000000c8600000, 0x00000000c8700000, 0x00000000c8700000|100%| S|CS|TAMS 0x00000000c8600000, 0x00000000c8600000| Complete 
|  59|0x00000000c8700000, 0x00000000c8800000, 0x00000000c8800000|100%| S|CS|TAMS 0x00000000c8700000, 0x00000000c8700000| Complete 
|  60|0x00000000c8800000, 0x00000000c8800000, 0x00000000c8900000|  0%| F|  |TAMS 0x00000000c8800000, 0x00000000c8800000| Untracked 
|  61|0x00000000c8900000, 0x00000000c8900000, 0x00000000c8a00000|  0%| F|  |TAMS 0x00000000c8900000, 0x00000000c8900000| Untracked 
|  62|0x00000000c8a00000, 0x00000000c8a00000, 0x00000000c8b00000|  0%| F|  |TAMS 0x00000000c8a00000, 0x00000000c8a00000| Untracked 
|  63|0x00000000c8b00000, 0x00000000c8b00000, 0x00000000c8c00000|  0%| F|  |TAMS 0x00000000c8b00000, 0x00000000c8b00000| Untracked 
|  64|0x00000000c8c00000, 0x00000000c8c00000, 0x00000000c8d00000|  0%| F|  |TAMS 0x00000000c8c00000, 0x00000000c8c00000| Untracked 
|  65|0x00000000c8d00000, 0x00000000c8d00000, 0x00000000c8e00000|  0%| F|  |TAMS 0x00000000c8d00000, 0x00000000c8d00000| Untracked 
|  66|0x00000000c8e00000, 0x00000000c8e00000, 0x00000000c8f00000|  0%| F|  |TAMS 0x00000000c8e00000, 0x00000000c8e00000| Untracked 
|  67|0x00000000c8f00000, 0x00000000c8f00000, 0x00000000c9000000|  0%| F|  |TAMS 0x00000000c8f00000, 0x00000000c8f00000| Untracked 
|  68|0x00000000c9000000, 0x00000000c9000000, 0x00000000c9100000|  0%| F|  |TAMS 0x00000000c9000000, 0x00000000c9000000| Untracked 
|  69|0x00000000c9100000, 0x00000000c9100000, 0x00000000c9200000|  0%| F|  |TAMS 0x00000000c9100000, 0x00000000c9100000| Untracked 
|  70|0x00000000c9200000, 0x00000000c9200000, 0x00000000c9300000|  0%| F|  |TAMS 0x00000000c9200000, 0x00000000c9200000| Untracked 
|  71|0x00000000c9300000, 0x00000000c9300000, 0x00000000c9400000|  0%| F|  |TAMS 0x00000000c9300000, 0x00000000c9300000| Untracked 
|  72|0x00000000c9400000, 0x00000000c9400000, 0x00000000c9500000|  0%| F|  |TAMS 0x00000000c9400000, 0x00000000c9400000| Untracked 
|  73|0x00000000c9500000, 0x00000000c9500000, 0x00000000c9600000|  0%| F|  |TAMS 0x00000000c9500000, 0x00000000c9500000| Untracked 

Card table byte_map: [0x0000022afd0f0000,0x0000022afd2d0000] _byte_map_base: 0x0000022afcaca000

Marking Bits (Prev, Next): (CMBitMap*) 0x0000022af1f12e30, (CMBitMap*) 0x0000022af1f12df0
 Prev Bits: [0x0000022afe380000, 0x0000022aff250000)
 Next Bits: [0x0000022afd4b0000, 0x0000022afe380000)

Polling page: 0x0000022af0620000

Metaspace:

Usage:
  Non-class:     54.13 MB used.
      Class:      9.08 MB used.
       Both:     63.21 MB used.

Virtual space:
  Non-class space:       64.00 MB reserved,      54.44 MB ( 85%) committed,  1 nodes.
      Class space:        1.00 GB reserved,       9.31 MB ( <1%) committed,  1 nodes.
             Both:        1.06 GB reserved,      63.75 MB (  6%) committed. 

Chunk freelists:
   Non-Class:  9.16 MB
       Class:  6.70 MB
        Both:  15.86 MB

MaxMetaspaceSize: unlimited
CompressedClassSpaceSize: 1.00 GB
Initial GC threshold: 21.00 MB
Current GC threshold: 98.38 MB
CDS: on
MetaspaceReclaimPolicy: balanced
 - commit_granule_bytes: 65536.
 - commit_granule_words: 8192.
 - virtual_space_node_default_size: 8388608.
 - enlarge_chunks_in_place: 1.
 - new_chunks_are_fully_committed: 0.
 - uncommit_free_chunks: 1.
 - use_allocation_guard: 0.
 - handle_deallocations: 1.


Internal statistics:

num_allocs_failed_limit: 9.
num_arena_births: 740.
num_arena_deaths: 0.
num_vsnodes_births: 2.
num_vsnodes_deaths: 0.
num_space_committed: 1020.
num_space_uncommitted: 0.
num_chunks_returned_to_freelist: 9.
num_chunks_taken_from_freelist: 3141.
num_chunk_merges: 9.
num_chunk_splits: 2148.
num_chunks_enlarged: 1562.
num_inconsistent_stats: 0.

CodeCache: size=49152Kb used=12916Kb max_used=12916Kb free=36235Kb
 bounds [0x0000022af9ad0000, 0x0000022afa770000, 0x0000022afcad0000]
 total_blobs=7604 nmethods=6943 adapters=587
 compilation: enabled
              stopped_count=0, restarted_count=0
 full_count=0

Compilation events (20 events):
Event: 20.217 Thread 0x0000022ac76ddc70 6934   !   1       nonapi.io.github.classgraph.utils.FileUtils::checkCanReadAndIsFile (109 bytes)
Event: 20.217 Thread 0x0000022aff7d40c0 6935       1       nonapi.io.github.classgraph.fileslice.Slice::<init> (13 bytes)
Event: 20.218 Thread 0x0000022aff7d40c0 nmethod 6935 0x0000022afa767810 code [0x0000022afa7679a0, 0x0000022afa767aa8]
Event: 20.219 Thread 0x0000022aff7d40c0 6937       1       nonapi.io.github.classgraph.fastzipfilereader.ZipFileSlice::hashCode (29 bytes)
Event: 20.219 Thread 0x0000022aff7d40c0 nmethod 6937 0x0000022afa767b90 code [0x0000022afa767d40, 0x0000022afa768128]
Event: 20.219 Thread 0x0000022aff7d40c0 6938       1       nonapi.io.github.classgraph.fastzipfilereader.PhysicalZipFile::hashCode (46 bytes)
Event: 20.219 Thread 0x0000022aff7d40c0 nmethod 6938 0x0000022afa768290 code [0x0000022afa768440, 0x0000022afa7685b8]
Event: 20.219 Thread 0x0000022aff7d40c0 6939   !   1       nonapi.io.github.classgraph.fileslice.reader.RandomAccessFileChannelReader::read (93 bytes)
Event: 20.220 Thread 0x0000022aff7d40c0 nmethod 6939 0x0000022afa768710 code [0x0000022afa768920, 0x0000022afa768f88]
Event: 20.220 Thread 0x0000022aff7d40c0 6936       1       nonapi.io.github.classgraph.fastzipfilereader.NestedJarHandler::access$200 (5 bytes)
Event: 20.220 Thread 0x0000022ac76ddc70 nmethod 6934 0x0000022afa769410 code [0x0000022afa769780, 0x0000022afa76a5c8]
Event: 20.220 Thread 0x0000022aff7d40c0 nmethod 6936 0x0000022afa76ae10 code [0x0000022afa76afa0, 0x0000022afa76b058]
Event: 20.222 Thread 0x0000022ac76ddc70 6940       1       nonapi.io.github.classgraph.fastzipfilereader.NestedJarHandler$RecyclableInflater::getInflater (5 bytes)
Event: 20.222 Thread 0x0000022aff7d40c0 6941   !   1       nonapi.io.github.classgraph.fastzipfilereader.NestedJarHandler$8::read (225 bytes)
Event: 20.222 Thread 0x0000022ac76ddc70 nmethod 6940 0x0000022afa76b110 code [0x0000022afa76b2a0, 0x0000022afa76b378]
Event: 20.223 Thread 0x0000022aff7d40c0 nmethod 6941 0x0000022afa76b410 code [0x0000022afa76b680, 0x0000022afa76bf08]
Event: 20.223 Thread 0x0000022aff7d40c0 6942       1       java.util.concurrent.atomic.AtomicLong::addAndGet (14 bytes)
Event: 20.223 Thread 0x0000022aff7d40c0 nmethod 6942 0x0000022afa76c610 code [0x0000022afa76c7a0, 0x0000022afa76c878]
Event: 20.223 Thread 0x0000022ac76ddc70 6943   !   1       nonapi.io.github.classgraph.fastzipfilereader.NestedJarHandler$8::close (37 bytes)
Event: 20.224 Thread 0x0000022ac76ddc70 nmethod 6943 0x0000022afa76c910 code [0x0000022afa76cae0, 0x0000022afa76ce28]

GC Heap History (20 events):
Event: 12.047 GC heap after
{Heap after GC invocations=14 (full 0):
 garbage-first heap   total 75776K, used 23143K [0x00000000c4c00000, 0x0000000100000000)
  region size 1024K, 2 young (2048K), 2 survivors (2048K)
 Metaspace       used 35603K, committed 35968K, reserved 1114112K
  class space    used 5015K, committed 5184K, reserved 1048576K
}
Event: 13.827 GC heap before
{Heap before GC invocations=15 (full 0):
 garbage-first heap   total 75776K, used 58983K [0x00000000c4c00000, 0x0000000100000000)
  region size 1024K, 38 young (38912K), 2 survivors (2048K)
 Metaspace       used 47453K, committed 47936K, reserved 1114112K
  class space    used 6760K, committed 6976K, reserved 1048576K
}
Event: 13.839 GC heap after
{Heap after GC invocations=16 (full 0):
 garbage-first heap   total 75776K, used 26199K [0x00000000c4c00000, 0x0000000100000000)
  region size 1024K, 5 young (5120K), 5 survivors (5120K)
 Metaspace       used 47453K, committed 47936K, reserved 1114112K
  class space    used 6760K, committed 6976K, reserved 1048576K
}
Event: 15.383 GC heap before
{Heap before GC invocations=16 (full 0):
 garbage-first heap   total 75776K, used 58967K [0x00000000c4c00000, 0x0000000100000000)
  region size 1024K, 37 young (37888K), 5 survivors (5120K)
 Metaspace       used 53299K, committed 53760K, reserved 1114112K
  class space    used 7694K, committed 7872K, reserved 1048576K
}
Event: 15.398 GC heap after
{Heap after GC invocations=17 (full 0):
 garbage-first heap   total 75776K, used 28037K [0x00000000c4c00000, 0x0000000100000000)
  region size 1024K, 2 young (2048K), 2 survivors (2048K)
 Metaspace       used 53299K, committed 53760K, reserved 1114112K
  class space    used 7694K, committed 7872K, reserved 1048576K
}
Event: 17.110 GC heap before
{Heap before GC invocations=17 (full 0):
 garbage-first heap   total 75776K, used 59781K [0x00000000c4c00000, 0x0000000100000000)
  region size 1024K, 33 young (33792K), 2 survivors (2048K)
 Metaspace       used 57680K, committed 58112K, reserved 1114112K
  class space    used 8302K, committed 8512K, reserved 1048576K
}
Event: 17.121 GC heap after
{Heap after GC invocations=18 (full 0):
 garbage-first heap   total 75776K, used 29706K [0x00000000c4c00000, 0x0000000100000000)
  region size 1024K, 4 young (4096K), 4 survivors (4096K)
 Metaspace       used 57680K, committed 58112K, reserved 1114112K
  class space    used 8302K, committed 8512K, reserved 1048576K
}
Event: 18.404 GC heap before
{Heap before GC invocations=18 (full 0):
 garbage-first heap   total 75776K, used 55306K [0x00000000c4c00000, 0x0000000100000000)
  region size 1024K, 30 young (30720K), 4 survivors (4096K)
 Metaspace       used 59803K, committed 60288K, reserved 1114112K
  class space    used 8621K, committed 8896K, reserved 1048576K
}
Event: 18.410 GC heap after
{Heap after GC invocations=19 (full 0):
 garbage-first heap   total 75776K, used 31282K [0x00000000c4c00000, 0x0000000100000000)
  region size 1024K, 4 young (4096K), 4 survivors (4096K)
 Metaspace       used 59803K, committed 60288K, reserved 1114112K
  class space    used 8621K, committed 8896K, reserved 1048576K
}
Event: 18.818 GC heap before
{Heap before GC invocations=20 (full 0):
 garbage-first heap   total 75776K, used 60978K [0x00000000c4c00000, 0x0000000100000000)
  region size 1024K, 33 young (33792K), 4 survivors (4096K)
 Metaspace       used 61211K, committed 61696K, reserved 1114112K
  class space    used 8814K, committed 9024K, reserved 1048576K
}
Event: 18.823 GC heap after
{Heap after GC invocations=21 (full 0):
 garbage-first heap   total 75776K, used 31897K [0x00000000c4c00000, 0x0000000100000000)
  region size 1024K, 3 young (3072K), 3 survivors (3072K)
 Metaspace       used 61211K, committed 61696K, reserved 1114112K
  class space    used 8814K, committed 9024K, reserved 1048576K
}
Event: 19.682 GC heap before
{Heap before GC invocations=21 (full 0):
 garbage-first heap   total 75776K, used 61593K [0x00000000c4c00000, 0x0000000100000000)
  region size 1024K, 32 young (32768K), 3 survivors (3072K)
 Metaspace       used 63335K, committed 63872K, reserved 1114112K
  class space    used 9128K, committed 9408K, reserved 1048576K
}
Event: 19.687 GC heap after
{Heap after GC invocations=22 (full 0):
 garbage-first heap   total 75776K, used 33452K [0x00000000c4c00000, 0x0000000100000000)
  region size 1024K, 4 young (4096K), 4 survivors (4096K)
 Metaspace       used 63335K, committed 63872K, reserved 1114112K
  class space    used 9128K, committed 9408K, reserved 1048576K
}
Event: 20.011 GC heap before
{Heap before GC invocations=22 (full 0):
 garbage-first heap   total 75776K, used 62124K [0x00000000c4c00000, 0x0000000100000000)
  region size 1024K, 32 young (32768K), 4 survivors (4096K)
 Metaspace       used 64635K, committed 65216K, reserved 1114112K
  class space    used 9288K, committed 9536K, reserved 1048576K
}
Event: 20.019 GC heap after
{Heap after GC invocations=23 (full 0):
 garbage-first heap   total 75776K, used 37784K [0x00000000c4c00000, 0x0000000100000000)
  region size 1024K, 4 young (4096K), 4 survivors (4096K)
 Metaspace       used 64635K, committed 65216K, reserved 1114112K
  class space    used 9288K, committed 9536K, reserved 1048576K
}
Event: 20.137 GC heap before
{Heap before GC invocations=23 (full 0):
 garbage-first heap   total 75776K, used 59288K [0x00000000c4c00000, 0x0000000100000000)
  region size 1024K, 26 young (26624K), 4 survivors (4096K)
 Metaspace       used 64723K, committed 65280K, reserved 1114112K
  class space    used 9299K, committed 9536K, reserved 1048576K
}
Event: 20.146 GC heap after
{Heap after GC invocations=24 (full 0):
 garbage-first heap   total 75776K, used 44326K [0x00000000c4c00000, 0x0000000100000000)
  region size 1024K, 4 young (4096K), 4 survivors (4096K)
 Metaspace       used 64723K, committed 65280K, reserved 1114112K
  class space    used 9299K, committed 9536K, reserved 1048576K
}
Event: 20.167 GC heap before
{Heap before GC invocations=24 (full 0):
 garbage-first heap   total 75776K, used 47398K [0x00000000c4c00000, 0x0000000100000000)
  region size 1024K, 8 young (8192K), 4 survivors (4096K)
 Metaspace       used 64723K, committed 65280K, reserved 1114112K
  class space    used 9299K, committed 9536K, reserved 1048576K
}
Event: 20.172 GC heap after
{Heap after GC invocations=25 (full 0):
 garbage-first heap   total 75776K, used 46262K [0x00000000c4c00000, 0x0000000100000000)
  region size 1024K, 2 young (2048K), 2 survivors (2048K)
 Metaspace       used 64723K, committed 65280K, reserved 1114112K
  class space    used 9299K, committed 9536K, reserved 1048576K
}
Event: 20.228 GC heap before
{Heap before GC invocations=25 (full 0):
 garbage-first heap   total 75776K, used 58550K [0x00000000c4c00000, 0x0000000100000000)
  region size 1024K, 14 young (14336K), 2 survivors (2048K)
 Metaspace       used 64723K, committed 65280K, reserved 1114112K
  class space    used 9299K, committed 9536K, reserved 1048576K
}

Dll operation events (13 events):
Event: 0.030 Loaded shared library C:\Users\paula\AppData\Local\Programs\Eclipse Adoptium\jdk-17.0.14.7-hotspot\bin\java.dll
Event: 0.065 Loaded shared library C:\Users\paula\AppData\Local\Programs\Eclipse Adoptium\jdk-17.0.14.7-hotspot\bin\jsvml.dll
Event: 0.375 Loaded shared library C:\Users\paula\AppData\Local\Programs\Eclipse Adoptium\jdk-17.0.14.7-hotspot\bin\zip.dll
Event: 0.387 Loaded shared library C:\Users\paula\AppData\Local\Programs\Eclipse Adoptium\jdk-17.0.14.7-hotspot\bin\instrument.dll
Event: 0.486 Loaded shared library C:\Users\paula\AppData\Local\Programs\Eclipse Adoptium\jdk-17.0.14.7-hotspot\bin\net.dll
Event: 0.497 Loaded shared library C:\Users\paula\AppData\Local\Programs\Eclipse Adoptium\jdk-17.0.14.7-hotspot\bin\nio.dll
Event: 0.505 Loaded shared library C:\Users\paula\AppData\Local\Programs\Eclipse Adoptium\jdk-17.0.14.7-hotspot\bin\zip.dll
Event: 0.666 Loaded shared library C:\Users\paula\AppData\Local\Programs\Eclipse Adoptium\jdk-17.0.14.7-hotspot\bin\jimage.dll
Event: 1.492 Loaded shared library C:\Users\paula\AppData\Local\Programs\Eclipse Adoptium\jdk-17.0.14.7-hotspot\bin\extnet.dll
Event: 1.501 Loaded shared library C:\Users\paula\AppData\Local\Programs\Eclipse Adoptium\jdk-17.0.14.7-hotspot\bin\management.dll
Event: 1.526 Loaded shared library C:\Users\paula\AppData\Local\Programs\Eclipse Adoptium\jdk-17.0.14.7-hotspot\bin\management_ext.dll
Event: 2.379 Loaded shared library C:\Users\paula\AppData\Local\Programs\Eclipse Adoptium\jdk-17.0.14.7-hotspot\bin\verify.dll
Event: 10.746 Loaded shared library C:\Users\paula\AppData\Local\Programs\Eclipse Adoptium\jdk-17.0.14.7-hotspot\bin\sunmscapi.dll

Deoptimization events (2 events):
Event: 8.474 Thread 0x0000022af1ed54c0 DEOPT PACKING pc=0x0000022af9f8ca1c sp=0x000000ac918fd690
Event: 8.474 Thread 0x0000022af1ed54c0 DEOPT UNPACKING pc=0x0000022af9b2ace3 sp=0x000000ac918fcbe8 mode 0

Classes loaded (20 events):
Event: 19.877 Loading class java/lang/StackStreamFactory$StackFrameTraverser$StackFrameBuffer
Event: 19.878 Loading class java/lang/StackStreamFactory$FrameBuffer
Event: 19.878 Loading class java/lang/StackStreamFactory$FrameBuffer done
Event: 19.878 Loading class java/lang/StackStreamFactory$StackFrameTraverser$StackFrameBuffer done
Event: 19.883 Loading class java/lang/LayerInstantiationException
Event: 19.883 Loading class java/lang/LayerInstantiationException done
Event: 19.883 Loading class jdk/internal/loader/Loader
Event: 19.884 Loading class jdk/internal/loader/Loader done
Event: 19.894 Loading class java/io/IOError
Event: 19.894 Loading class java/io/IOError done
Event: 19.907 Loading class java/util/AbstractMap$SimpleEntry
Event: 19.907 Loading class java/util/AbstractMap$SimpleEntry done
Event: 19.932 Loading class sun/nio/fs/WindowsLinkSupport
Event: 19.933 Loading class sun/nio/fs/WindowsLinkSupport done
Event: 19.953 Loading class java/nio/channels/spi/AbstractInterruptibleChannel$1
Event: 19.953 Loading class java/nio/channels/spi/AbstractInterruptibleChannel$1 done
Event: 19.955 Loading class java/nio/ReadOnlyBufferException
Event: 19.956 Loading class java/nio/ReadOnlyBufferException done
Event: 19.957 Loading class java/util/zip/DataFormatException
Event: 19.960 Loading class java/util/zip/DataFormatException done

Classes unloaded (0 events):
No events

Classes redefined (0 events):
No events

Internal exceptions (20 events):
Event: 20.149 Thread 0x0000022ac7f657c0 Exception <a 'sun/nio/fs/WindowsException'{0x00000000c95210c8}> (0x00000000c95210c8) 
thrown [s\src\hotspot\share\prims\jni.cpp, line 516]
Event: 20.149 Thread 0x0000022ac7f657c0 Exception <a 'sun/nio/fs/WindowsException'{0x00000000c9521458}> (0x00000000c9521458) 
thrown [s\src\hotspot\share\prims\jni.cpp, line 516]
Event: 20.149 Thread 0x0000022ac7f657c0 Exception <a 'sun/nio/fs/WindowsException'{0x00000000c9521e60}> (0x00000000c9521e60) 
thrown [s\src\hotspot\share\prims\jni.cpp, line 516]
Event: 20.149 Thread 0x0000022ac7f657c0 Exception <a 'sun/nio/fs/WindowsException'{0x00000000c9522230}> (0x00000000c9522230) 
thrown [s\src\hotspot\share\prims\jni.cpp, line 516]
Event: 20.149 Thread 0x0000022ac7f657c0 Exception <a 'sun/nio/fs/WindowsException'{0x00000000c9522c10}> (0x00000000c9522c10) 
thrown [s\src\hotspot\share\prims\jni.cpp, line 516]
Event: 20.149 Thread 0x0000022ac7f657c0 Exception <a 'sun/nio/fs/WindowsException'{0x00000000c9522fb0}> (0x00000000c9522fb0) 
thrown [s\src\hotspot\share\prims\jni.cpp, line 516]
Event: 20.149 Thread 0x0000022ac7f657c0 Exception <a 'sun/nio/fs/WindowsException'{0x00000000c9523968}> (0x00000000c9523968) 
thrown [s\src\hotspot\share\prims\jni.cpp, line 516]
Event: 20.149 Thread 0x0000022ac7f657c0 Exception <a 'sun/nio/fs/WindowsException'{0x00000000c9523cc8}> (0x00000000c9523cc8) 
thrown [s\src\hotspot\share\prims\jni.cpp, line 516]
Event: 20.149 Thread 0x0000022ac7f657c0 Exception <a 'sun/nio/fs/WindowsException'{0x00000000c959d720}> (0x00000000c959d720) 
thrown [s\src\hotspot\share\prims\jni.cpp, line 516]
Event: 20.149 Thread 0x0000022ac7f657c0 Exception <a 'sun/nio/fs/WindowsException'{0x00000000c959daa0}> (0x00000000c959daa0) 
thrown [s\src\hotspot\share\prims\jni.cpp, line 516]
Event: 20.149 Thread 0x0000022ac7f657c0 Exception <a 'sun/nio/fs/WindowsException'{0x00000000c959e458}> (0x00000000c959e458) 
thrown [s\src\hotspot\share\prims\jni.cpp, line 516]
Event: 20.149 Thread 0x0000022ac7f657c0 Exception <a 'sun/nio/fs/WindowsException'{0x00000000c959e7c8}> (0x00000000c959e7c8) 
thrown [s\src\hotspot\share\prims\jni.cpp, line 516]
Event: 20.149 Thread 0x0000022ac7f657c0 Exception <a 'sun/nio/fs/WindowsException'{0x00000000c959f190}> (0x00000000c959f190) 
thrown [s\src\hotspot\share\prims\jni.cpp, line 516]
Event: 20.149 Thread 0x0000022ac7f657c0 Exception <a 'sun/nio/fs/WindowsException'{0x00000000c959f510}> (0x00000000c959f510) 
thrown [s\src\hotspot\share\prims\jni.cpp, line 516]
Event: 20.149 Thread 0x0000022ac7f657c0 Exception <a 'sun/nio/fs/WindowsException'{0x00000000c959fef0}> (0x00000000c959fef0) 
thrown [s\src\hotspot\share\prims\jni.cpp, line 516]
Event: 20.149 Thread 0x0000022ac7f657c0 Exception <a 'sun/nio/fs/WindowsException'{0x00000000c95a0290}> (0x00000000c95a0290) 
thrown [s\src\hotspot\share\prims\jni.cpp, line 516]
Event: 20.150 Thread 0x0000022ac7f657c0 Exception <a 'sun/nio/fs/WindowsException'{0x00000000c95a0c88}> (0x00000000c95a0c88) 
thrown [s\src\hotspot\share\prims\jni.cpp, line 516]
Event: 20.150 Thread 0x0000022ac7f657c0 Exception <a 'sun/nio/fs/WindowsException'{0x00000000c95a1040}> (0x00000000c95a1040) 
thrown [s\src\hotspot\share\prims\jni.cpp, line 516]
Event: 20.150 Thread 0x0000022ac7f657c0 Exception <a 'sun/nio/fs/WindowsException'{0x00000000c95b0a20}> (0x00000000c95b0a20) 
thrown [s\src\hotspot\share\prims\jni.cpp, line 516]
Event: 20.150 Thread 0x0000022ac7f657c0 Exception <a 'sun/nio/fs/WindowsException'{0x00000000c95b0dd0}> (0x00000000c95b0dd0) 
thrown [s\src\hotspot\share\prims\jni.cpp, line 516]

VM Operations (20 events):
Event: 19.580 Executing VM operation: HandshakeAllThreads done
Event: 19.618 Executing VM operation: HandshakeAllThreads
Event: 19.618 Executing VM operation: HandshakeAllThreads done
Event: 19.618 Executing VM operation: HandshakeAllThreads
Event: 19.618 Executing VM operation: HandshakeAllThreads done
Event: 19.682 Executing VM operation: G1CollectForAllocation
Event: 19.687 Executing VM operation: G1CollectForAllocation done
Event: 19.718 Executing VM operation: HandshakeAllThreads
Event: 19.718 Executing VM operation: HandshakeAllThreads done
Event: 19.833 Executing VM operation: HandshakeAllThreads
Event: 19.833 Executing VM operation: HandshakeAllThreads done
Event: 20.010 Executing VM operation: G1CollectForAllocation
Event: 20.019 Executing VM operation: G1CollectForAllocation done
Event: 20.106 Executing VM operation: HandshakeAllThreads
Event: 20.106 Executing VM operation: HandshakeAllThreads done
Event: 20.136 Executing VM operation: G1CollectForAllocation
Event: 20.146 Executing VM operation: G1CollectForAllocation done
Event: 20.167 Executing VM operation: G1TryInitiateConcMark
Event: 20.172 Executing VM operation: G1TryInitiateConcMark done
Event: 20.228 Executing VM operation: G1CollectForAllocation

Memory protections (0 events):
No events

Nmethod flushes (0 events):
No events

Events (20 events):
Event: 20.111 Thread 0x0000022ac7f657c0 Thread added: 0x0000022ac7f62520
Event: 20.111 Thread 0x0000022ac7f657c0 Thread added: 0x0000022ac7f64380
Event: 20.111 Thread 0x0000022ac7f657c0 Thread added: 0x0000022ac7f661e0
Event: 20.112 Thread 0x0000022ac7f657c0 Thread added: 0x0000022ac7f62a30
Event: 20.115 Thread 0x0000022ac7f62520 Thread exited: 0x0000022ac7f62520
Event: 20.115 Thread 0x0000022ac7f64380 Thread exited: 0x0000022ac7f64380
Event: 20.115 Thread 0x0000022ac7f62a30 Thread exited: 0x0000022ac7f62a30
Event: 20.115 Thread 0x0000022ac7f65cd0 Thread exited: 0x0000022ac7f65cd0
Event: 20.115 Thread 0x0000022ac7f64da0 Thread exited: 0x0000022ac7f64da0
Event: 20.115 Thread 0x0000022ac7f657c0 Thread exited: 0x0000022ac7f657c0
Event: 20.115 Thread 0x0000022ac7f64890 Thread exited: 0x0000022ac7f64890
Event: 20.115 Thread 0x0000022ac7f661e0 Thread exited: 0x0000022ac7f661e0
Event: 20.131 Thread 0x0000022af1ed54c0 Thread added: 0x0000022ac7f657c0
Event: 20.132 Thread 0x0000022ac7f657c0 Thread added: 0x0000022ac7f65cd0
Event: 20.132 Thread 0x0000022ac7f657c0 Thread added: 0x0000022ac7f62520
Event: 20.132 Thread 0x0000022ac7f657c0 Thread added: 0x0000022ac7f64380
Event: 20.132 Thread 0x0000022ac7f657c0 Thread added: 0x0000022ac7f64890
Event: 20.132 Thread 0x0000022ac7f657c0 Thread added: 0x0000022ac7f64da0
Event: 20.132 Thread 0x0000022ac7f657c0 Thread added: 0x0000022ac7f661e0
Event: 20.132 Thread 0x0000022ac7f657c0 Thread added: 0x0000022ac7f62a30


Dynamic libraries:
0x00007ff62b640000 - 0x00007ff62b64e000 	C:\Users\paula\AppData\Local\Programs\Eclipse Adoptium\jdk-17.0.14.7-hotspot\bin\java.exe
0x00007ff81bf20000 - 0x00007ff81c180000 	C:\WINDOWS\SYSTEM32\ntdll.dll
0x00007ff81bb20000 - 0x00007ff81bbe7000 	C:\WINDOWS\System32\KERNEL32.DLL
0x00007ff819810000 - 0x00007ff819bda000 	C:\WINDOWS\System32\KERNELBASE.dll
0x00007ff819490000 - 0x00007ff8195db000 	C:\WINDOWS\System32\ucrtbase.dll
0x00007ff815b00000 - 0x00007ff815b17000 	C:\Users\paula\AppData\Local\Programs\Eclipse Adoptium\jdk-17.0.14.7-hotspot\bin\jli.dll
0x00007ff8138d0000 - 0x00007ff8138ee000 	C:\Users\paula\AppData\Local\Programs\Eclipse Adoptium\jdk-17.0.14.7-hotspot\bin\VCRUNTIME140.dll
0x00007ff81b140000 - 0x00007ff81b30c000 	C:\WINDOWS\System32\USER32.dll
0x00007ff819310000 - 0x00007ff819337000 	C:\WINDOWS\System32\win32u.dll
0x00007ffffb4c0000 - 0x00007ffffb757000 	C:\WINDOWS\WinSxS\amd64_microsoft.windows.common-controls_6595b64144ccf1df_6.0.26100.3624_none_3e086962e3345f24\COMCTL32.dll
0x00007ff81af50000 - 0x00007ff81af7a000 	C:\WINDOWS\System32\GDI32.dll
0x00007ff81b310000 - 0x00007ff81b3b9000 	C:\WINDOWS\System32\msvcrt.dll
0x00007ff819be0000 - 0x00007ff819d11000 	C:\WINDOWS\System32\gdi32full.dll
0x00007ff8193e0000 - 0x00007ff819483000 	C:\WINDOWS\System32\msvcp_win.dll
0x00007ff81b3c0000 - 0x00007ff81b3ef000 	C:\WINDOWS\System32\IMM32.DLL
0x00007ff8138c0000 - 0x00007ff8138cc000 	C:\Users\paula\AppData\Local\Programs\Eclipse Adoptium\jdk-17.0.14.7-hotspot\bin\vcruntime140_1.dll
0x00007fffc0910000 - 0x00007fffc099d000 	C:\Users\paula\AppData\Local\Programs\Eclipse Adoptium\jdk-17.0.14.7-hotspot\bin\msvcp140.dll
0x00007fff8d890000 - 0x00007fff8e4fb000 	C:\Users\paula\AppData\Local\Programs\Eclipse Adoptium\jdk-17.0.14.7-hotspot\bin\server\jvm.dll
0x00007ff819f00000 - 0x00007ff819fb2000 	C:\WINDOWS\System32\ADVAPI32.dll
0x00007ff81a260000 - 0x00007ff81a306000 	C:\WINDOWS\System32\sechost.dll
0x00007ff81a140000 - 0x00007ff81a256000 	C:\WINDOWS\System32\RPCRT4.dll
0x00007ff81bd60000 - 0x00007ff81bdd4000 	C:\WINDOWS\System32\WS2_32.dll
0x00007fffff910000 - 0x00007fffff946000 	C:\WINDOWS\SYSTEM32\WINMM.dll
0x00007ff818f70000 - 0x00007ff818fce000 	C:\WINDOWS\SYSTEM32\POWRPROF.dll
0x00007ff810930000 - 0x00007ff81093b000 	C:\WINDOWS\SYSTEM32\VERSION.dll
0x00007ff818f50000 - 0x00007ff818f64000 	C:\WINDOWS\SYSTEM32\UMPDC.dll
0x00007ff817ef0000 - 0x00007ff817f0a000 	C:\WINDOWS\SYSTEM32\kernel.appcore.dll
0x00007ff800dc0000 - 0x00007ff800dca000 	C:\Users\paula\AppData\Local\Programs\Eclipse Adoptium\jdk-17.0.14.7-hotspot\bin\jimage.dll
0x00007ff8167f0000 - 0x00007ff816a31000 	C:\WINDOWS\SYSTEM32\DBGHELP.DLL
0x00007ff81b610000 - 0x00007ff81b992000 	C:\WINDOWS\System32\combase.dll
0x00007ff81ba40000 - 0x00007ff81bb16000 	C:\WINDOWS\System32\OLEAUT32.dll
0x00007ffffc170000 - 0x00007ffffc1a9000 	C:\WINDOWS\SYSTEM32\dbgcore.DLL
0x00007ff819340000 - 0x00007ff8193d9000 	C:\WINDOWS\System32\bcryptPrimitives.dll
0x00007ffffb400000 - 0x00007ffffb40e000 	C:\Users\paula\AppData\Local\Programs\Eclipse Adoptium\jdk-17.0.14.7-hotspot\bin\instrument.dll
0x00007ffffca10000 - 0x00007ffffca35000 	C:\Users\paula\AppData\Local\Programs\Eclipse Adoptium\jdk-17.0.14.7-hotspot\bin\java.dll
0x00007fff97810000 - 0x00007fff978e7000 	C:\Users\paula\AppData\Local\Programs\Eclipse Adoptium\jdk-17.0.14.7-hotspot\bin\jsvml.dll
0x00007ff81a360000 - 0x00007ff81aa89000 	C:\WINDOWS\System32\SHELL32.dll
0x00007ff8196a0000 - 0x00007ff819808000 	C:\WINDOWS\System32\wintypes.dll
0x00007ff816d80000 - 0x00007ff8175d2000 	C:\WINDOWS\SYSTEM32\windows.storage.dll
0x00007ff81a040000 - 0x00007ff81a12d000 	C:\WINDOWS\System32\SHCORE.dll
0x00007ff81b5a0000 - 0x00007ff81b604000 	C:\WINDOWS\System32\shlwapi.dll
0x00007ff819010000 - 0x00007ff81903f000 	C:\WINDOWS\SYSTEM32\profapi.dll
0x00007fffd3bd0000 - 0x00007fffd3be8000 	C:\Users\paula\AppData\Local\Programs\Eclipse Adoptium\jdk-17.0.14.7-hotspot\bin\zip.dll
0x00007fffd3bb0000 - 0x00007fffd3bc9000 	C:\Users\paula\AppData\Local\Programs\Eclipse Adoptium\jdk-17.0.14.7-hotspot\bin\net.dll
0x00007ff80c840000 - 0x00007ff80c95d000 	C:\WINDOWS\SYSTEM32\WINHTTP.dll
0x00007ff818430000 - 0x00007ff81849a000 	C:\WINDOWS\system32\mswsock.dll
0x00007fffc08f0000 - 0x00007fffc0906000 	C:\Users\paula\AppData\Local\Programs\Eclipse Adoptium\jdk-17.0.14.7-hotspot\bin\nio.dll
0x00007ff8179e0000 - 0x00007ff817b05000 	C:\WINDOWS\SYSTEM32\DNSAPI.dll
0x00007ff817940000 - 0x00007ff817973000 	C:\WINDOWS\SYSTEM32\IPHLPAPI.DLL
0x00007ff81bbf0000 - 0x00007ff81bbfa000 	C:\WINDOWS\System32\NSI.dll
0x00007ff800010000 - 0x00007ff80001b000 	C:\Windows\System32\rasadhlp.dll
0x00007ff80c180000 - 0x00007ff80c205000 	C:\WINDOWS\System32\fwpuclnt.dll
0x00007fffc08d0000 - 0x00007fffc08d9000 	C:\Users\paula\AppData\Local\Programs\Eclipse Adoptium\jdk-17.0.14.7-hotspot\bin\extnet.dll
0x00007ff800db0000 - 0x00007ff800dba000 	C:\Users\paula\AppData\Local\Programs\Eclipse Adoptium\jdk-17.0.14.7-hotspot\bin\management.dll
0x00007ffffb3f0000 - 0x00007ffffb3fb000 	C:\Users\paula\AppData\Local\Programs\Eclipse Adoptium\jdk-17.0.14.7-hotspot\bin\management_ext.dll
0x00007ff81a130000 - 0x00007ff81a138000 	C:\WINDOWS\System32\PSAPI.DLL
0x00007ff8186d0000 - 0x00007ff8186ec000 	C:\WINDOWS\SYSTEM32\CRYPTSP.dll
0x00007ff817e50000 - 0x00007ff817e8a000 	C:\WINDOWS\system32\rsaenh.dll
0x00007ff8184d0000 - 0x00007ff8184fb000 	C:\WINDOWS\SYSTEM32\USERENV.dll
0x00007ff818fe0000 - 0x00007ff819006000 	C:\WINDOWS\SYSTEM32\bcrypt.dll
0x00007ff8186f0000 - 0x00007ff8186fc000 	C:\WINDOWS\SYSTEM32\CRYPTBASE.dll
0x00007ff80c990000 - 0x00007ff80c9af000 	C:\WINDOWS\SYSTEM32\dhcpcsvc6.DLL
0x00007ff80c7c0000 - 0x00007ff80c7e5000 	C:\WINDOWS\SYSTEM32\dhcpcsvc.DLL
0x00007ffff4420000 - 0x00007ffff4438000 	C:\WINDOWS\system32\napinsp.dll
0x00007ffff43c0000 - 0x00007ffff43d2000 	C:\WINDOWS\System32\winrnr.dll
0x00007ffff4380000 - 0x00007ffff43b0000 	C:\WINDOWS\system32\nlansp_c.dll
0x00007ffff3c60000 - 0x00007ffff3c76000 	C:\WINDOWS\system32\wshbth.dll
0x00007fffb8810000 - 0x00007fffb8820000 	C:\Users\paula\AppData\Local\Programs\Eclipse Adoptium\jdk-17.0.14.7-hotspot\bin\verify.dll
0x00007fffe26d0000 - 0x00007fffe271e000 	C:\WINDOWS\SYSTEM32\pdh.dll
0x00007fffe2af0000 - 0x00007fffe2b02000 	C:\WINDOWS\System32\perfproc.dll
0x00007fffe26b0000 - 0x00007fffe26c1000 	C:\WINDOWS\System32\perfos.dll
0x00007ff815e30000 - 0x00007ff815e42000 	C:\WINDOWS\SYSTEM32\pfclient.dll
0x00007fffc08e0000 - 0x00007fffc08ee000 	C:\Users\paula\AppData\Local\Programs\Eclipse Adoptium\jdk-17.0.14.7-hotspot\bin\sunmscapi.dll
0x00007ff819100000 - 0x00007ff819277000 	C:\WINDOWS\System32\CRYPT32.dll
0x00007ff8188d0000 - 0x00007ff818900000 	C:\WINDOWS\SYSTEM32\ncrypt.dll
0x00007ff818880000 - 0x00007ff8188bf000 	C:\WINDOWS\SYSTEM32\NTASN1.dll

dbghelp: loaded successfully - version: 4.0.5 - missing functions: none
symbol engine: initialized successfully - sym options: 0x614 - pdb path: .;C:\Users\paula\AppData\Local\Programs\Eclipse Adoptium\jdk-17.0.14.7-hotspot\bin;C:\WINDOWS\SYSTEM32;C:\WINDOWS\WinSxS\amd64_microsoft.windows.common-controls_6595b64144ccf1df_6.0.26100.3624_none_3e086962e3345f24;C:\Users\paula\AppData\Local\Programs\Eclipse Adoptium\jdk-17.0.14.7-hotspot\bin\server

VM Arguments:
jvm_args: -XX:TieredStopAtLevel=1 -Dspring.output.ansi.enabled=always -Dcom.sun.management.jmxremote -Dspring.jmx.enabled=true -Dspring.liveBeansView.mbeanDomain -Dspring.application.admin.enabled=true -Dmanagement.endpoints.jmx.exposure.include=* -javaagent:C:\Program Files\JetBrains\IntelliJ IDEA 2024.3.5\lib\idea_rt.jar=65499 -Dfile.encoding=UTF-8 
java_command: Grupo7.Autitos.AutitosApplication
java_class_path (initial): C:\Users\paula\OneDrive\Documentos\Digital-Booking\Desktop\grupo-07\Backend\target\classes;C:\Users\paula\.m2\repository\org\springframework\boot\spring-boot-starter-actuator\2.7.4\spring-boot-starter-actuator-2.7.4.jar;C:\Users\paula\.m2\repository\org\springframework\boot\spring-boot-starter\2.7.4\spring-boot-starter-2.7.4.jar;C:\Users\paula\.m2\repository\org\springframework\boot\spring-boot\2.7.4\spring-boot-2.7.4.jar;C:\Users\paula\.m2\repository\org\springframework\boot\spring-boot-autoconfigure\2.7.4\spring-boot-autoconfigure-2.7.4.jar;C:\Users\paula\.m2\repository\org\springframework\boot\spring-boot-starter-logging\2.7.4\spring-boot-starter-logging-2.7.4.jar;C:\Users\paula\.m2\repository\ch\qos\logback\logback-classic\1.2.11\logback-classic-1.2.11.jar;C:\Users\paula\.m2\repository\ch\qos\logback\logback-core\1.2.11\logback-core-1.2.11.jar;C:\Users\paula\.m2\repository\org\apache\logging\log4j\log4j-to-slf4j\2.17.2\log4j-to-slf4j-2.17.2.jar;C:\Users\paula\.m2\repository\org\apache\logging\log4j\log4j-api\2.17.2\log4j-api-2.17.2.jar;C:\Users\paula\.m2\repository\org\slf4j\jul-to-slf4j\1.7.36\jul-to-slf4j-1.7.36.jar;C:\Users\paula\.m2\repository\jakarta\annotation\jakarta.annotation-api\1.3.5\jakarta.annotation-api-1.3.5.jar;C:\Users\paula\.m2\repository\org\yaml\snakeyaml\1.30\snakeyaml-1.30.jar;C:\Users\paula\.m2\repository\org\springframework\boot\spring-boot-actuator-autoconfigure\2.7.4\spring-boot-actuator-autoconfigure-2.7.4.jar;C:\Users\paula\.m2\repository\org\springframework\boot\spring-boot-actuator\2.7.4\spring-boot-actuator-2.7.4.jar;C:\Users\paula\.m2\repository\com\fasterxml\jackson\datatype\jackson-datatype-jsr310\2.13.4\jackson-datatype-jsr310-2.13.4.jar;C:\Users\paula\.m2\repository\io\micrometer\micrometer-core\1.9.4\micrometer-core-1.9.4.jar;C:\Users\paula\.m2\repository\org\hdrhistogram\HdrHistogram\2.1.12\HdrHistogram-2.1.12.jar;C:\Users\paula\.m2\repository\org\latencyutils\LatencyUtils\2.0.3\LatencyUtils-2.0.
Launcher Type: SUN_STANDARD

[Global flags]
     intx CICompilerCount                          = 3                                         {product} {ergonomic}
     uint ConcGCThreads                            = 1                                         {product} {ergonomic}
     uint G1ConcRefinementThreads                  = 4                                         {product} {ergonomic}
   size_t G1HeapRegionSize                         = 1048576                                   {product} {ergonomic}
    uintx GCDrainStackTargetSize                   = 64                                        {product} {ergonomic}
   size_t InitialHeapSize                          = 62914560                                  {product} {ergonomic}
     bool ManagementServer                         = true                                      {product} {command line}
   size_t MarkStackSize                            = 4194304                                   {product} {ergonomic}
   size_t MaxHeapSize                              = 994050048                                 {product} {ergonomic}
   size_t MaxNewSize                               = 595591168                                 {product} {ergonomic}
   size_t MinHeapDeltaBytes                        = 1048576                                   {product} {ergonomic}
   size_t MinHeapSize                              = 8388608                                   {product} {ergonomic}
    uintx NonProfiledCodeHeapSize                  = 0                                      {pd product} {ergonomic}
     bool ProfileInterpreter                       = false                                  {pd product} {command line}
    uintx ProfiledCodeHeapSize                     = 0                                      {pd product} {ergonomic}
   size_t SoftMaxHeapSize                          = 994050048                              {manageable} {ergonomic}
     intx TieredStopAtLevel                        = 1                                         {product} {command line}
     bool UseCompressedClassPointers               = true                           {product lp64_product} {ergonomic}
     bool UseCompressedOops                        = true                           {product lp64_product} {ergonomic}
     bool UseG1GC                                  = true                                      {product} {ergonomic}
     bool UseLargePagesIndividualAllocation        = false                                  {pd product} {ergonomic}

Logging:
Log output configuration:
 #0: stdout all=warning uptime,level,tags
 #1: stderr all=off uptime,level,tags

Environment Variables:
PATH=C:\WINDOWS\system32;C:\WINDOWS;C:\WINDOWS\System32\Wbem;C:\WINDOWS\System32\WindowsPowerShell\v1.0\;C:\WINDOWS\System32\OpenSSH\;C:\Program Files\nodejs\;C:\Program Files\Go\bin;C:\Program Files\Git\cmd;C:\Program Files\MySQL\MySQL Shell 8.0\bin\;C:\ProgramFiles\MySQL\MySQLServer8.0\bin\;C:\Users\paula\AppData\Local\Programs\Eclipse Adoptium\jdk-17.0.14.7-hotspot\bin;C:\Users\paula\AppData\Local\Microsoft\WindowsApps;C:\Users\paula\AppData\Local\Programs\Microsoft VS Code\bin;C:\Users\paula\AppData\Roaming\npm;C:\Users\paula\go\bin;
USERNAME=paula
OS=Windows_NT
PROCESSOR_IDENTIFIER=Intel64 Family 6 Model 126 Stepping 5, GenuineIntel
TMP=C:\Users\paula\AppData\Local\Temp
TEMP=C:\Users\paula\AppData\Local\Temp



Periodic native trim disabled


---------------  S Y S T E M  ---------------

OS:
 Windows 11 , 64 bit Build 26100 (10.0.26100.3775)
OS uptime: 3 days 18:46 hours
Hyper-V role detected

CPU: total 4 (initial active 4) (2 cores per cpu, 2 threads per core) family 6 model 126 stepping 5 microcode 0xa0, cx8, cmov, fxsr, ht, mmx, 3dnowpref, sse, sse2, sse3, ssse3, sse4.1, sse4.2, popcnt, lzcnt, tsc, tscinvbit, avx, avx2, aes, erms, clmul, bmi1, bmi2, adx, avx512f, avx512dq, avx512cd, avx512bw, avx512vl, sha, fma, vzeroupper, avx512_vpopcntdq, avx512_vpclmulqdq, avx512_vaes, avx512_vnni, clflush, clflushopt, avx512_vbmi2, avx512_vbmi, hv
Processor Information for all 4 processors :
  Max Mhz: 1190, Current Mhz: 1190, Mhz Limit: 1190

Memory: 4k page, system-wide physical 3784M (797M free)
TotalPageFile size 15560M (AvailPageFile size 42M)
current process WorkingSet (physical memory assigned to process): 205M, peak: 205M
current process commit charge ("private bytes"): 263M, peak: 320M

vm_info: OpenJDK 64-Bit Server VM (17.0.14+7) for windows-amd64 JRE (17.0.14+7), built on Jan 21 2025 23:40:15 by "admin" with MS VC++ 17.7 (VS2022)

END.
